Base path: C:/Program Files (x86)/Unity/Editor/Data
Pipe name: \\.\pipe\UnityShaderCompiler-1-720
Cmd: getPlatforms
Cmd: preprocess
  insize=1395 outsize=1302 ok=1
Cmd: compileSnippet
  api=4 type=0 insize=9935 outsize=2493 kw=DIRECTIONAL LIGHTMAP_OFF DIRLIGHTMAP_OFF DUMMY ok=1
Cmd: compileSnippet
  api=4 type=1 insize=9935 outsize=1623 kw=DIRECTIONAL LIGHTMAP_OFF DIRLIGHTMAP_OFF DUMMY ok=1
Cmd: compileSnippet
  api=4 type=0 insize=5746 outsize=2761 kw=POINT DUMMY ok=1
Cmd: compileSnippet
  api=4 type=1 insize=5746 outsize=1859 kw=POINT DUMMY ok=1
Cmd: preprocess
  insize=1400 outsize=1312 ok=1
Cmd: compileSnippet
  api=4 type=0 insize=9987 outsize=2493 kw=DIRECTIONAL LIGHTMAP_OFF DIRLIGHTMAP_OFF DUMMY ok=1
Cmd: compileSnippet
  api=4 type=1 insize=9987 outsize=1640 kw=DIRECTIONAL LIGHTMAP_OFF DIRLIGHTMAP_OFF DUMMY ok=1
Cmd: compileSnippet
  api=4 type=0 insize=5798 outsize=2761 kw=POINT DUMMY ok=1
Cmd: compileSnippet
  api=4 type=1 insize=5798 outsize=1859 kw=POINT DUMMY ok=1
Cmd: compileSnippet
  api=4 type=0 insize=5798 outsize=1737 kw=DIRECTIONAL DUMMY ok=1
Cmd: compileSnippet
  api=4 type=1 insize=5798 outsize=1445 kw=DIRECTIONAL DUMMY ok=1
Cmd: preprocess
  insize=2361 outsize=547 ok=1
Cmd: compileSnippet
  api=4 type=0 insize=2113 outsize=1136 kw= ok=1
Cmd: compileSnippet
  api=4 type=1 insize=2113 outsize=2818 kw= ok=1
